<?xml version="1.0" encoding="UTF-8"?>
<!-- Generated by org.testng.reporters.JUnitXMLReporter -->
<testsuite hostname="LAPTOP-MHBSPLVF" ignored="2" name="Default test" tests="1" failures="0" timestamp="2023-03-28T17:30:48 IST" time="5.082" errors="0">
  <testcase name="getAgentAssignGST" time="4.209" classname="api.test.SmeAgentAssigmentTest"/>
  <testcase name="getAgentAssignNotice" time="0.0" classname="api.test.SmeAgentAssigmentTest">
    <ignored/>
  </testcase> <!-- getAgentAssignNotice -->
  <testcase name="getAgentAssignItr" time="0.0" classname="api.test.SmeAgentAssigmentTest">
    <ignored/>
  </testcase> <!-- getAgentAssignItr -->
</testsuite> <!-- Default test -->
